<?xml version="1.0" encoding="UTF-8"?>
<!-- Generated by org.testng.reporters.JUnitXMLReporter -->
<testsuite ignored="0" hostname="DESKTOP-HLCFM06" failures="0" tests="1" name="firefox" time="0.085" errors="0" timestamp="02 Jul 2023 08:22:23 GMT">
  <testcase classname="com.qa.servicemanagementproject.Base" name="@BeforeMethod initializeBrowser" time="0.028">
    <failure type="java.lang.IllegalStateException" message="The driver executable must exist: C:\Users\MIS BRC MKD\git\ServiceManagement_projects\ServiceManagement_project\src\main\java\Resorces\geckodriver.exe">
      <![CDATA[java.lang.IllegalStateException: The driver executable must exist: C:\Users\MIS BRC MKD\git\ServiceManagement_projects\ServiceManagement_project\src\main\java\Resorces\geckodriver.exe
at org.openqa.selenium.internal.Require$FileStateChecker.isFile(Require.java:342)
at org.openqa.selenium.remote.service.DriverService.checkExecutable(DriverService.java:147)
at org.openqa.selenium.remote.service.DriverService.findExecutable(DriverService.java:142)
at org.openqa.selenium.firefox.GeckoDriverService.access$100(GeckoDriverService.java:45)
at org.openqa.selenium.firefox.GeckoDriverService$Builder.findDefaultExecutable(GeckoDriverService.java:181)
at org.openqa.selenium.remote.service.DriverService$Builder.build(DriverService.java:437)
at org.openqa.selenium.firefox.GeckoDriverService.createDefaultService(GeckoDriverService.java:94)
at org.openqa.selenium.firefox.FirefoxDriver.<init>(FirefoxDriver.java:98)
at com.qa.servicemanagementproject.Base.initializeBrowser(Base.java:62)
... Removed 28 stack frames]]>
    </failure>
  </testcase> <!-- @BeforeMethod initializeBrowser -->
  <testcase classname="com.qa.servicemanagementproject.Base" name="@AfterMethod browserQuit" time="0.0">
    <skipped/>
  </testcase> <!-- @AfterMethod browserQuit -->
  <testcase classname="com.qa.testscripts.LoginTest" name="verifyUserIsAbleToLoginWithValidCredentials" time="0.0">
    <skipped/>
  </testcase> <!-- verifyUserIsAbleToLoginWithValidCredentials -->
</testsuite> <!-- firefox -->
