<?xml version="1.0" encoding="UTF-8"?>
<!-- Generated by org.testng.reporters.JUnitXMLReporter -->
<testsuite ignored="0" hostname="DESKTOP-HLCFM06" failures="1" tests="1" name="Test" time="39.843" errors="0" timestamp="03 Jul 2023 15:33:56 GMT">
  <testcase classname="com.qa.testscripts.InventoryProductTest" name="deleteInventoryProducts" time="11.972">
    <failure type="java.lang.NullPointerException" message="Cannot invoke &amp;quot;org.apache.poi.ss.usermodel.Cell.getStringCellValue()&amp;quot; because &amp;quot;c&amp;quot; is null">
      <![CDATA[java.lang.NullPointerException: Cannot invoke "org.apache.poi.ss.usermodel.Cell.getStringCellValue()" because "c" is null
at com.qa.utilities.ExcelUtility.getString(ExcelUtility.java:97)
at com.qa.testscripts.InventoryProductTest.deleteInventoryProducts(InventoryProductTest.java:25)
... Removed 25 stack frames]]>
    </failure>
  </testcase> <!-- deleteInventoryProducts -->
</testsuite> <!-- Test -->
