<?xml version="1.0" encoding="UTF-8"?>
<!-- Generated by org.testng.reporters.JUnitXMLReporter -->
<testsuite ignored="0" hostname="DESKTOP-HLCFM06" failures="2" tests="2" name="Test" time="51.267" errors="0" timestamp="04 Jul 2023 16:50:10 GMT">
  <testcase classname="com.qa.testscripts.LogoutTest" name="logoutTestPage" time="12.304">
    <failure type="java.lang.NullPointerException" message="Cannot invoke &amp;quot;com.qa.pages.Logout.logoutIcon()&amp;quot; because &amp;quot;this.log&amp;quot; is null">
      <![CDATA[java.lang.NullPointerException: Cannot invoke "com.qa.pages.Logout.logoutIcon()" because "this.log" is null
at com.qa.testscripts.LogoutTest.logoutTestPage(LogoutTest.java:29)
... Removed 25 stack frames]]>
    </failure>
  </testcase> <!-- logoutTestPage -->
  <testcase classname="com.qa.testscripts.LogoutTest" name="verifyLogoutTest" time="0.002">
    <failure type="java.lang.NullPointerException" message="Cannot invoke &amp;quot;com.qa.pages.Logout.logoutSuccessMsg()&amp;quot; because &amp;quot;this.log&amp;quot; is null">
      <![CDATA[java.lang.NullPointerException: Cannot invoke "com.qa.pages.Logout.logoutSuccessMsg()" because "this.log" is null
at com.qa.testscripts.LogoutTest.verifyLogoutTest(LogoutTest.java:35)
... Removed 25 stack frames]]>
    </failure>
  </testcase> <!-- verifyLogoutTest -->
</testsuite> <!-- Test -->
