<?xml version="1.0" encoding="UTF-8"?>
<testng-results ignored="0" total="1" passed="0" failed="1" skipped="0">
  <reporter-output>
  </reporter-output>
  <suite started-at="2023-07-03T15:33:16Z" name="Suite" finished-at="2023-07-03T15:33:56Z" duration-ms="39843">
    <groups>
    </groups>
    <test started-at="2023-07-03T15:33:16Z" name="Test" finished-at="2023-07-03T15:33:56Z" duration-ms="39843">
      <class name="com.qa.testscripts.InventoryProductTest">
        <test-method is-config="true" signature="initializeBrowser(java.lang.String)[pri:0, instance:com.qa.testscripts.InventoryProductTest@7fc44dec]" started-at="2023-07-03T15:33:16Z" name="initializeBrowser" finished-at="2023-07-03T15:33:42Z" duration-ms="26691" status="PASS">
          <params>
            <param index="0">
              <value>
                <![CDATA[chrome]]>
              </value>
            </param>
          </params>
          <reporter-output>
          </reporter-output>
        </test-method> <!-- initializeBrowser -->
        <test-method signature="deleteInventoryProducts()[pri:0, instance:com.qa.testscripts.InventoryProductTest@7fc44dec]" started-at="2023-07-03T15:33:42Z" name="deleteInventoryProducts" finished-at="2023-07-03T15:33:54Z" duration-ms="11972" status="FAIL">
          <exception class="java.lang.NullPointerException">
            <message>
              <![CDATA[Cannot invoke "org.apache.poi.ss.usermodel.Cell.getStringCellValue()" because "c" is null]]>
            </message>
            <full-stacktrace>
              <![CDATA[java.lang.NullPointerException: Cannot invoke "org.apache.poi.ss.usermodel.Cell.getStringCellValue()" because "c" is null
at com.qa.utilities.ExcelUtility.getString(ExcelUtility.java:97)
at com.qa.testscripts.InventoryProductTest.deleteInventoryProducts(InventoryProductTest.java:25)
at java.base/jdk.internal.reflect.NativeMethodAccessorImpl.invoke0(Native Method)
at java.base/jdk.internal.reflect.NativeMethodAccessorImpl.invoke(NativeMethodAccessorImpl.java:77)
at java.base/jdk.internal.reflect.DelegatingMethodAccessorImpl.invoke(DelegatingMethodAccessorImpl.java:43)
at java.base/java.lang.reflect.Method.invoke(Method.java:568)
at org.testng.internal.MethodInvocationHelper.invokeMethod(MethodInvocationHelper.java:124)
at org.testng.internal.Invoker.invokeMethod(Invoker.java:583)
at org.testng.internal.Invoker.invokeTestMethod(Invoker.java:719)
at org.testng.internal.Invoker.invokeTestMethods(Invoker.java:989)
at org.testng.internal.TestMethodWorker.invokeTestMethods(TestMethodWorker.java:125)
at org.testng.internal.TestMethodWorker.run(TestMethodWorker.java:109)
at org.testng.TestRunner.privateRun(TestRunner.java:648)
at org.testng.TestRunner.run(TestRunner.java:505)
at org.testng.SuiteRunner.runTest(SuiteRunner.java:455)
at org.testng.SuiteRunner.runSequentially(SuiteRunner.java:450)
at org.testng.SuiteRunner.privateRun(SuiteRunner.java:415)
at org.testng.SuiteRunner.run(SuiteRunner.java:364)
at org.testng.SuiteRunnerWorker.runSuite(SuiteRunnerWorker.java:52)
at org.testng.SuiteRunnerWorker.run(SuiteRunnerWorker.java:84)
at org.testng.TestNG.runSuitesSequentially(TestNG.java:1208)
at org.testng.TestNG.runSuitesLocally(TestNG.java:1137)
at org.testng.TestNG.runSuites(TestNG.java:1049)
at org.testng.TestNG.run(TestNG.java:1017)
at org.testng.remote.AbstractRemoteTestNG.run(AbstractRemoteTestNG.java:115)
at org.testng.remote.RemoteTestNG.initAndRun(RemoteTestNG.java:251)
at org.testng.remote.RemoteTestNG.main(RemoteTestNG.java:77)
]]>
            </full-stacktrace>
          </exception> <!-- java.lang.NullPointerException -->
          <reporter-output>
          </reporter-output>
        </test-method> <!-- deleteInventoryProducts -->
        <test-method is-config="true" signature="browserQuit(org.testng.ITestResult)[pri:0, instance:com.qa.testscripts.InventoryProductTest@7fc44dec]" started-at="2023-07-03T15:33:54Z" name="browserQuit" finished-at="2023-07-03T15:33:55Z" duration-ms="1089" status="PASS">
          <params>
            <param index="0">
              <value>
                <![CDATA[[TestResult name=deleteInventoryProducts status=FAILURE method=InventoryProductTest.deleteInventoryProducts()[pri:0, instance:com.qa.testscripts.InventoryProductTest@7fc44dec] output={null}]]]>
              </value>
            </param>
          </params>
          <reporter-output>
          </reporter-output>
        </test-method> <!-- browserQuit -->
      </class> <!-- com.qa.testscripts.InventoryProductTest -->
    </test> <!-- Test -->
  </suite> <!-- Suite -->
</testng-results>
