<?xml version="1.0" encoding="UTF-8"?>
<testng-results ignored="0" total="1" passed="1" failed="0" skipped="0">
  <reporter-output>
  </reporter-output>
  <suite started-at="2023-06-20T20:22:51 IST" name="Default suite" finished-at="2023-06-20T20:24:29 IST" duration-ms="98034">
    <groups>
    </groups>
    <test started-at="2023-06-20T20:22:51 IST" name="Default test" finished-at="2023-06-20T20:24:29 IST" duration-ms="98034">
      <class name="testnew.CheckLogin">
        <test-method signature="checkValidUser()[pri:0, instance:testnew.CheckLogin@45099dd3]" started-at="2023-06-20T20:22:51 IST" name="checkValidUser" finished-at="2023-06-20T20:24:29 IST" duration-ms="97778" status="PASS">
          <reporter-output>
          </reporter-output>
        </test-method> <!-- checkValidUser -->
      </class> <!-- testnew.CheckLogin -->
    </test> <!-- Default test -->
  </suite> <!-- Default suite -->
</testng-results>
